15:29:44.736 [restartedMain] DEBUG o.s.w.f.CommonsRequestLoggingFilter - Filter 'logFilter' configured for use
15:30:10.068 [restartedMain] DEBUG o.s.w.f.CommonsRequestLoggingFilter - Filter 'logFilter' configured for use
15:30:26.152 [http-nio-8080-exec-4] DEBUG o.s.w.f.CommonsRequestLoggingFilter - Before request [GET /status]
15:30:26.152 [http-nio-8080-exec-1] DEBUG o.s.w.f.CommonsRequestLoggingFilter - Before request [GET /categories]
15:30:26.152 [http-nio-8080-exec-2] DEBUG o.s.w.f.CommonsRequestLoggingFilter - Before request [GET /status]
15:30:26.152 [http-nio-8080-exec-3] DEBUG o.s.w.f.CommonsRequestLoggingFilter - Before request [GET /categories]
15:30:26.450 [http-nio-8080-exec-1] DEBUG o.s.w.f.CommonsRequestLoggingFilter - REQUEST DATA: GET /categories]
15:30:26.450 [http-nio-8080-exec-4] DEBUG o.s.w.f.CommonsRequestLoggingFilter - REQUEST DATA: GET /status]
15:30:26.450 [http-nio-8080-exec-2] DEBUG o.s.w.f.CommonsRequestLoggingFilter - REQUEST DATA: GET /status]
15:30:26.450 [http-nio-8080-exec-3] DEBUG o.s.w.f.CommonsRequestLoggingFilter - REQUEST DATA: GET /categories]
15:30:29.536 [http-nio-8080-exec-5] DEBUG o.s.w.f.CommonsRequestLoggingFilter - Before request [GET /tasks]
15:30:29.552 [http-nio-8080-exec-5] DEBUG o.s.w.f.CommonsRequestLoggingFilter - REQUEST DATA: GET /tasks]
15:30:32.373 [http-nio-8080-exec-6] DEBUG o.s.w.f.CommonsRequestLoggingFilter - Before request [GET /tasks]
15:30:32.380 [http-nio-8080-exec-6] DEBUG o.s.w.f.CommonsRequestLoggingFilter - REQUEST DATA: GET /tasks]
15:31:21.070 [http-nio-8080-exec-7] DEBUG o.s.w.f.CommonsRequestLoggingFilter - Before request [GET /tasks]
15:31:21.079 [http-nio-8080-exec-7] DEBUG o.s.w.f.CommonsRequestLoggingFilter - REQUEST DATA: GET /tasks]
15:31:28.063 [http-nio-8080-exec-10] DEBUG o.s.w.f.CommonsRequestLoggingFilter - Before request [OPTIONS /tasks/14]
15:31:28.067 [http-nio-8080-exec-10] DEBUG o.s.w.f.CommonsRequestLoggingFilter - REQUEST DATA: OPTIONS /tasks/14]
15:31:28.071 [http-nio-8080-exec-2] DEBUG o.s.w.f.CommonsRequestLoggingFilter - Before request [PATCH /tasks/14]
15:31:28.172 [http-nio-8080-exec-2] DEBUG o.s.w.f.CommonsRequestLoggingFilter - REQUEST DATA: PATCH /tasks/14, payload={"title":"asdfasdfasd","content":"asdfasdfasdf","categoryId":1,"statusId":1}]
15:31:28.185 [http-nio-8080-exec-3] DEBUG o.s.w.f.CommonsRequestLoggingFilter - Before request [GET /tasks]
15:31:28.195 [http-nio-8080-exec-3] DEBUG o.s.w.f.CommonsRequestLoggingFilter - REQUEST DATA: GET /tasks]
15:31:33.778 [http-nio-8080-exec-1] DEBUG o.s.w.f.CommonsRequestLoggingFilter - Before request [OPTIONS /tasks]
15:31:33.779 [http-nio-8080-exec-1] DEBUG o.s.w.f.CommonsRequestLoggingFilter - REQUEST DATA: OPTIONS /tasks]
15:31:33.781 [http-nio-8080-exec-4] DEBUG o.s.w.f.CommonsRequestLoggingFilter - Before request [POST /tasks]
15:31:33.810 [http-nio-8080-exec-4] DEBUG o.s.w.f.CommonsRequestLoggingFilter - REQUEST DATA: POST /tasks, payload={"title":"feavsdva","content":"vasdvaeraerv","categoryId":1,"statusId":1}]
15:31:33.823 [http-nio-8080-exec-5] DEBUG o.s.w.f.CommonsRequestLoggingFilter - Before request [GET /tasks]
15:31:33.833 [http-nio-8080-exec-5] DEBUG o.s.w.f.CommonsRequestLoggingFilter - REQUEST DATA: GET /tasks]
15:31:57.699 [http-nio-8080-exec-6] DEBUG o.s.w.f.CommonsRequestLoggingFilter - Before request [OPTIONS /tasks/15]
15:31:57.700 [http-nio-8080-exec-6] DEBUG o.s.w.f.CommonsRequestLoggingFilter - REQUEST DATA: OPTIONS /tasks/15]
15:31:57.702 [http-nio-8080-exec-7] DEBUG o.s.w.f.CommonsRequestLoggingFilter - Before request [DELETE /tasks/15]
15:31:57.717 [http-nio-8080-exec-7] DEBUG o.s.w.f.CommonsRequestLoggingFilter - REQUEST DATA: DELETE /tasks/15]
15:31:59.952 [http-nio-8080-exec-9] DEBUG o.s.w.f.CommonsRequestLoggingFilter - Before request [GET /tasks]
15:31:59.961 [http-nio-8080-exec-9] DEBUG o.s.w.f.CommonsRequestLoggingFilter - REQUEST DATA: GET /tasks]
15:31:59.964 [http-nio-8080-exec-8] DEBUG o.s.w.f.CommonsRequestLoggingFilter - Before request [GET /categories]
15:31:59.965 [http-nio-8080-exec-10] DEBUG o.s.w.f.CommonsRequestLoggingFilter - Before request [GET /status]
15:31:59.976 [http-nio-8080-exec-8] DEBUG o.s.w.f.CommonsRequestLoggingFilter - REQUEST DATA: GET /categories]
15:31:59.980 [http-nio-8080-exec-10] DEBUG o.s.w.f.CommonsRequestLoggingFilter - REQUEST DATA: GET /status]
15:31:59.990 [http-nio-8080-exec-3] DEBUG o.s.w.f.CommonsRequestLoggingFilter - Before request [GET /status]
15:31:59.990 [http-nio-8080-exec-2] DEBUG o.s.w.f.CommonsRequestLoggingFilter - Before request [GET /categories]
15:32:00.000 [http-nio-8080-exec-2] DEBUG o.s.w.f.CommonsRequestLoggingFilter - REQUEST DATA: GET /categories]
15:32:00.001 [http-nio-8080-exec-3] DEBUG o.s.w.f.CommonsRequestLoggingFilter - REQUEST DATA: GET /status]
15:34:33.219 [http-nio-8080-exec-6] DEBUG o.s.w.f.CommonsRequestLoggingFilter - Before request [GET /tasks]
15:34:33.226 [http-nio-8080-exec-6] DEBUG o.s.w.f.CommonsRequestLoggingFilter - REQUEST DATA: GET /tasks]
15:34:40.005 [http-nio-8080-exec-7] DEBUG o.s.w.f.CommonsRequestLoggingFilter - Before request [GET /tasks]
15:34:40.011 [http-nio-8080-exec-7] DEBUG o.s.w.f.CommonsRequestLoggingFilter - REQUEST DATA: GET /tasks]
15:34:56.002 [http-nio-8080-exec-9] DEBUG o.s.w.f.CommonsRequestLoggingFilter - Before request [GET /tasks]
15:34:56.009 [http-nio-8080-exec-9] DEBUG o.s.w.f.CommonsRequestLoggingFilter - REQUEST DATA: GET /tasks]
15:34:57.920 [http-nio-8080-exec-8] DEBUG o.s.w.f.CommonsRequestLoggingFilter - Before request [GET /tasks]
15:34:57.927 [http-nio-8080-exec-8] DEBUG o.s.w.f.CommonsRequestLoggingFilter - REQUEST DATA: GET /tasks]
15:35:27.140 [http-nio-8080-exec-10] DEBUG o.s.w.f.CommonsRequestLoggingFilter - Before request [GET /tasks]
15:35:27.146 [http-nio-8080-exec-10] DEBUG o.s.w.f.CommonsRequestLoggingFilter - REQUEST DATA: GET /tasks]
15:35:42.853 [http-nio-8080-exec-3] DEBUG o.s.w.f.CommonsRequestLoggingFilter - Before request [POST /tasks]
15:35:42.867 [http-nio-8080-exec-3] DEBUG o.s.w.f.CommonsRequestLoggingFilter - REQUEST DATA: POST /tasks, payload={"title":"this is a new task","content":"Woo! New Task","categoryId":1,"statusId":2}]
15:35:42.884 [http-nio-8080-exec-4] DEBUG o.s.w.f.CommonsRequestLoggingFilter - Before request [GET /tasks]
15:35:42.893 [http-nio-8080-exec-4] DEBUG o.s.w.f.CommonsRequestLoggingFilter - REQUEST DATA: GET /tasks]
15:36:46.463 [http-nio-8080-exec-5] DEBUG o.s.w.f.CommonsRequestLoggingFilter - Before request [OPTIONS /tasks/14]
15:36:46.464 [http-nio-8080-exec-5] DEBUG o.s.w.f.CommonsRequestLoggingFilter - REQUEST DATA: OPTIONS /tasks/14]
15:36:46.465 [http-nio-8080-exec-6] DEBUG o.s.w.f.CommonsRequestLoggingFilter - Before request [DELETE /tasks/14]
15:36:46.476 [http-nio-8080-exec-6] DEBUG o.s.w.f.CommonsRequestLoggingFilter - REQUEST DATA: DELETE /tasks/14]
15:36:50.427 [http-nio-8080-exec-7] DEBUG o.s.w.f.CommonsRequestLoggingFilter - Before request [GET /tasks]
15:36:50.434 [http-nio-8080-exec-9] DEBUG o.s.w.f.CommonsRequestLoggingFilter - Before request [GET /categories]
15:36:50.436 [http-nio-8080-exec-8] DEBUG o.s.w.f.CommonsRequestLoggingFilter - Before request [GET /status]
15:36:50.436 [http-nio-8080-exec-7] DEBUG o.s.w.f.CommonsRequestLoggingFilter - REQUEST DATA: GET /tasks]
15:36:50.442 [http-nio-8080-exec-9] DEBUG o.s.w.f.CommonsRequestLoggingFilter - REQUEST DATA: GET /categories]
15:36:50.446 [http-nio-8080-exec-8] DEBUG o.s.w.f.CommonsRequestLoggingFilter - REQUEST DATA: GET /status]
15:36:50.482 [http-nio-8080-exec-10] DEBUG o.s.w.f.CommonsRequestLoggingFilter - Before request [GET /categories]
15:36:50.483 [http-nio-8080-exec-2] DEBUG o.s.w.f.CommonsRequestLoggingFilter - Before request [GET /status]
15:36:50.490 [http-nio-8080-exec-10] DEBUG o.s.w.f.CommonsRequestLoggingFilter - REQUEST DATA: GET /categories]
15:36:50.493 [http-nio-8080-exec-2] DEBUG o.s.w.f.CommonsRequestLoggingFilter - REQUEST DATA: GET /status]
15:40:35.428 [http-nio-8080-exec-5] DEBUG o.s.w.f.CommonsRequestLoggingFilter - Before request [GET /tasks]
15:40:35.434 [http-nio-8080-exec-5] DEBUG o.s.w.f.CommonsRequestLoggingFilter - REQUEST DATA: GET /tasks]
15:40:37.412 [http-nio-8080-exec-6] DEBUG o.s.w.f.CommonsRequestLoggingFilter - Before request [GET /tasks]
15:40:37.417 [http-nio-8080-exec-6] DEBUG o.s.w.f.CommonsRequestLoggingFilter - REQUEST DATA: GET /tasks]
15:40:39.722 [http-nio-8080-exec-7] DEBUG o.s.w.f.CommonsRequestLoggingFilter - Before request [GET /tasks]
15:40:39.729 [http-nio-8080-exec-7] DEBUG o.s.w.f.CommonsRequestLoggingFilter - REQUEST DATA: GET /tasks]
15:41:01.901 [http-nio-8080-exec-9] DEBUG o.s.w.f.CommonsRequestLoggingFilter - Before request [GET /tasks]
15:41:01.909 [http-nio-8080-exec-9] DEBUG o.s.w.f.CommonsRequestLoggingFilter - REQUEST DATA: GET /tasks]
15:41:04.420 [http-nio-8080-exec-8] DEBUG o.s.w.f.CommonsRequestLoggingFilter - Before request [GET /tasks]
15:41:04.426 [http-nio-8080-exec-8] DEBUG o.s.w.f.CommonsRequestLoggingFilter - REQUEST DATA: GET /tasks]
15:41:16.736 [http-nio-8080-exec-10] DEBUG o.s.w.f.CommonsRequestLoggingFilter - Before request [GET /tasks]
15:41:16.742 [http-nio-8080-exec-10] DEBUG o.s.w.f.CommonsRequestLoggingFilter - REQUEST DATA: GET /tasks]
15:41:18.524 [http-nio-8080-exec-2] DEBUG o.s.w.f.CommonsRequestLoggingFilter - Before request [GET /tasks]
15:41:18.532 [http-nio-8080-exec-2] DEBUG o.s.w.f.CommonsRequestLoggingFilter - REQUEST DATA: GET /tasks]
15:41:20.056 [http-nio-8080-exec-4] DEBUG o.s.w.f.CommonsRequestLoggingFilter - Before request [GET /tasks]
15:41:20.064 [http-nio-8080-exec-4] DEBUG o.s.w.f.CommonsRequestLoggingFilter - REQUEST DATA: GET /tasks]
15:41:29.516 [http-nio-8080-exec-3] DEBUG o.s.w.f.CommonsRequestLoggingFilter - Before request [GET /tasks]
15:41:29.521 [http-nio-8080-exec-3] DEBUG o.s.w.f.CommonsRequestLoggingFilter - REQUEST DATA: GET /tasks]
15:41:31.385 [http-nio-8080-exec-1] DEBUG o.s.w.f.CommonsRequestLoggingFilter - Before request [GET /tasks]
15:41:31.392 [http-nio-8080-exec-1] DEBUG o.s.w.f.CommonsRequestLoggingFilter - REQUEST DATA: GET /tasks]
15:52:37.739 [http-nio-8080-exec-6] DEBUG o.s.w.f.CommonsRequestLoggingFilter - Before request [GET /status]
15:52:37.742 [http-nio-8080-exec-7] DEBUG o.s.w.f.CommonsRequestLoggingFilter - Before request [GET /tasks]
15:52:37.743 [http-nio-8080-exec-9] DEBUG o.s.w.f.CommonsRequestLoggingFilter - Before request [GET /categories]
15:52:37.746 [http-nio-8080-exec-8] DEBUG o.s.w.f.CommonsRequestLoggingFilter - Before request [GET /status]
15:52:37.752 [http-nio-8080-exec-7] DEBUG o.s.w.f.CommonsRequestLoggingFilter - REQUEST DATA: GET /tasks]
15:52:37.754 [http-nio-8080-exec-9] DEBUG o.s.w.f.CommonsRequestLoggingFilter - REQUEST DATA: GET /categories]
15:52:37.754 [http-nio-8080-exec-6] DEBUG o.s.w.f.CommonsRequestLoggingFilter - REQUEST DATA: GET /status]
15:52:37.759 [http-nio-8080-exec-8] DEBUG o.s.w.f.CommonsRequestLoggingFilter - REQUEST DATA: GET /status]
15:52:37.772 [http-nio-8080-exec-10] DEBUG o.s.w.f.CommonsRequestLoggingFilter - Before request [GET /categories]
15:52:37.783 [http-nio-8080-exec-10] DEBUG o.s.w.f.CommonsRequestLoggingFilter - REQUEST DATA: GET /categories]
16:15:45.158 [http-nio-8080-exec-5] DEBUG o.s.w.f.CommonsRequestLoggingFilter - Before request [GET /tasks]
16:15:45.169 [http-nio-8080-exec-5] DEBUG o.s.w.f.CommonsRequestLoggingFilter - REQUEST DATA: GET /tasks]
16:15:53.121 [http-nio-8080-exec-7] DEBUG o.s.w.f.CommonsRequestLoggingFilter - Before request [OPTIONS /tasks]
16:15:53.122 [http-nio-8080-exec-7] DEBUG o.s.w.f.CommonsRequestLoggingFilter - REQUEST DATA: OPTIONS /tasks]
16:15:53.124 [http-nio-8080-exec-6] DEBUG o.s.w.f.CommonsRequestLoggingFilter - Before request [POST /tasks]
16:15:53.137 [http-nio-8080-exec-6] DEBUG o.s.w.f.CommonsRequestLoggingFilter - REQUEST DATA: POST /tasks, payload={"title":"ssdfg","content":"sdfggdf","categoryId":1,"statusId":1}]
16:15:53.150 [http-nio-8080-exec-9] DEBUG o.s.w.f.CommonsRequestLoggingFilter - Before request [GET /tasks]
16:15:53.157 [http-nio-8080-exec-9] DEBUG o.s.w.f.CommonsRequestLoggingFilter - REQUEST DATA: GET /tasks]
16:18:23.120 [http-nio-8080-exec-10] DEBUG o.s.w.f.CommonsRequestLoggingFilter - Before request [GET /categories]
16:18:23.123 [http-nio-8080-exec-2] DEBUG o.s.w.f.CommonsRequestLoggingFilter - Before request [GET /status]
16:18:23.129 [http-nio-8080-exec-10] DEBUG o.s.w.f.CommonsRequestLoggingFilter - REQUEST DATA: GET /categories]
16:18:23.139 [http-nio-8080-exec-2] DEBUG o.s.w.f.CommonsRequestLoggingFilter - REQUEST DATA: GET /status]
16:18:26.644 [http-nio-8080-exec-4] DEBUG o.s.w.f.CommonsRequestLoggingFilter - Before request [GET /tasks]
16:18:26.649 [http-nio-8080-exec-4] DEBUG o.s.w.f.CommonsRequestLoggingFilter - REQUEST DATA: GET /tasks]
16:18:35.092 [http-nio-8080-exec-1] DEBUG o.s.w.f.CommonsRequestLoggingFilter - Before request [GET /tasks]
16:18:35.092 [http-nio-8080-exec-3] DEBUG o.s.w.f.CommonsRequestLoggingFilter - Before request [GET /categories]
16:18:35.094 [http-nio-8080-exec-5] DEBUG o.s.w.f.CommonsRequestLoggingFilter - Before request [GET /status]
16:18:35.100 [http-nio-8080-exec-1] DEBUG o.s.w.f.CommonsRequestLoggingFilter - REQUEST DATA: GET /tasks]
16:18:35.102 [http-nio-8080-exec-3] DEBUG o.s.w.f.CommonsRequestLoggingFilter - REQUEST DATA: GET /categories]
16:18:35.111 [http-nio-8080-exec-5] DEBUG o.s.w.f.CommonsRequestLoggingFilter - REQUEST DATA: GET /status]
16:18:35.162 [http-nio-8080-exec-7] DEBUG o.s.w.f.CommonsRequestLoggingFilter - Before request [GET /categories]
16:18:35.162 [http-nio-8080-exec-6] DEBUG o.s.w.f.CommonsRequestLoggingFilter - Before request [GET /status]
16:18:35.172 [http-nio-8080-exec-7] DEBUG o.s.w.f.CommonsRequestLoggingFilter - REQUEST DATA: GET /categories]
16:18:35.173 [http-nio-8080-exec-6] DEBUG o.s.w.f.CommonsRequestLoggingFilter - REQUEST DATA: GET /status]
16:33:00.240 [http-nio-8080-exec-4] DEBUG o.s.w.f.CommonsRequestLoggingFilter - Before request [GET /categories]
16:33:00.240 [http-nio-8080-exec-1] DEBUG o.s.w.f.CommonsRequestLoggingFilter - Before request [GET /status]
16:33:00.252 [http-nio-8080-exec-4] DEBUG o.s.w.f.CommonsRequestLoggingFilter - REQUEST DATA: GET /categories]
16:33:00.253 [http-nio-8080-exec-1] DEBUG o.s.w.f.CommonsRequestLoggingFilter - REQUEST DATA: GET /status]
16:33:23.823 [http-nio-8080-exec-3] DEBUG o.s.w.f.CommonsRequestLoggingFilter - Before request [GET /categories]
16:33:23.824 [http-nio-8080-exec-5] DEBUG o.s.w.f.CommonsRequestLoggingFilter - Before request [GET /status]
16:33:23.831 [http-nio-8080-exec-3] DEBUG o.s.w.f.CommonsRequestLoggingFilter - REQUEST DATA: GET /categories]
16:33:23.834 [http-nio-8080-exec-5] DEBUG o.s.w.f.CommonsRequestLoggingFilter - REQUEST DATA: GET /status]
16:33:39.442 [http-nio-8080-exec-7] DEBUG o.s.w.f.CommonsRequestLoggingFilter - Before request [GET /categories]
16:33:39.447 [http-nio-8080-exec-6] DEBUG o.s.w.f.CommonsRequestLoggingFilter - Before request [GET /status]
16:33:39.450 [http-nio-8080-exec-7] DEBUG o.s.w.f.CommonsRequestLoggingFilter - REQUEST DATA: GET /categories]
16:33:39.456 [http-nio-8080-exec-6] DEBUG o.s.w.f.CommonsRequestLoggingFilter - REQUEST DATA: GET /status]
16:33:42.547 [http-nio-8080-exec-9] DEBUG o.s.w.f.CommonsRequestLoggingFilter - Before request [GET /categories]
16:33:42.550 [http-nio-8080-exec-8] DEBUG o.s.w.f.CommonsRequestLoggingFilter - Before request [GET /status]
16:33:42.555 [http-nio-8080-exec-9] DEBUG o.s.w.f.CommonsRequestLoggingFilter - REQUEST DATA: GET /categories]
16:33:42.558 [http-nio-8080-exec-8] DEBUG o.s.w.f.CommonsRequestLoggingFilter - REQUEST DATA: GET /status]
16:34:17.921 [http-nio-8080-exec-10] DEBUG o.s.w.f.CommonsRequestLoggingFilter - Before request [GET /categories]
16:34:17.922 [http-nio-8080-exec-2] DEBUG o.s.w.f.CommonsRequestLoggingFilter - Before request [GET /status]
16:34:17.928 [http-nio-8080-exec-10] DEBUG o.s.w.f.CommonsRequestLoggingFilter - REQUEST DATA: GET /categories]
16:34:17.931 [http-nio-8080-exec-2] DEBUG o.s.w.f.CommonsRequestLoggingFilter - REQUEST DATA: GET /status]
16:34:44.126 [http-nio-8080-exec-4] DEBUG o.s.w.f.CommonsRequestLoggingFilter - Before request [GET /tasks]
16:34:44.132 [http-nio-8080-exec-4] DEBUG o.s.w.f.CommonsRequestLoggingFilter - REQUEST DATA: GET /tasks]
16:36:03.942 [http-nio-8080-exec-5] DEBUG o.s.w.f.CommonsRequestLoggingFilter - Before request [GET /tasks]
16:36:03.950 [http-nio-8080-exec-5] DEBUG o.s.w.f.CommonsRequestLoggingFilter - REQUEST DATA: GET /tasks]
16:38:32.010 [http-nio-8080-exec-6] DEBUG o.s.w.f.CommonsRequestLoggingFilter - Before request [GET /tasks]
16:38:32.017 [http-nio-8080-exec-6] DEBUG o.s.w.f.CommonsRequestLoggingFilter - REQUEST DATA: GET /tasks]
16:38:41.601 [http-nio-8080-exec-9] DEBUG o.s.w.f.CommonsRequestLoggingFilter - Before request [POST /tasks]
16:38:41.611 [http-nio-8080-exec-9] DEBUG o.s.w.f.CommonsRequestLoggingFilter - REQUEST DATA: POST /tasks, payload={"title":"sadfgsdfg","content":"adfgsdfgserg","categoryId":1,"statusId":1}]
16:38:41.626 [http-nio-8080-exec-8] DEBUG o.s.w.f.CommonsRequestLoggingFilter - Before request [GET /tasks]
16:38:41.632 [http-nio-8080-exec-8] DEBUG o.s.w.f.CommonsRequestLoggingFilter - REQUEST DATA: GET /tasks]
16:43:56.167 [http-nio-8080-exec-2] DEBUG o.s.w.f.CommonsRequestLoggingFilter - Before request [GET /tasks]
16:43:56.176 [http-nio-8080-exec-2] DEBUG o.s.w.f.CommonsRequestLoggingFilter - REQUEST DATA: GET /tasks]
16:43:57.199 [http-nio-8080-exec-4] DEBUG o.s.w.f.CommonsRequestLoggingFilter - Before request [GET /tasks]
16:43:57.206 [http-nio-8080-exec-4] DEBUG o.s.w.f.CommonsRequestLoggingFilter - REQUEST DATA: GET /tasks]
16:44:30.453 [http-nio-8080-exec-1] DEBUG o.s.w.f.CommonsRequestLoggingFilter - Before request [POST /tasks]
16:44:30.465 [http-nio-8080-exec-1] DEBUG o.s.w.f.CommonsRequestLoggingFilter - REQUEST DATA: POST /tasks, payload={"title":"asdfasdf","content":"asdfasdfasdf","categoryId":1,"statusId":1}]
16:44:30.482 [http-nio-8080-exec-3] DEBUG o.s.w.f.CommonsRequestLoggingFilter - Before request [GET /tasks]
16:44:30.488 [http-nio-8080-exec-3] DEBUG o.s.w.f.CommonsRequestLoggingFilter - REQUEST DATA: GET /tasks]
16:48:21.478 [http-nio-8080-exec-7] DEBUG o.s.w.f.CommonsRequestLoggingFilter - Before request [GET /tasks]
16:48:21.485 [http-nio-8080-exec-7] DEBUG o.s.w.f.CommonsRequestLoggingFilter - REQUEST DATA: GET /tasks]
16:49:10.794 [http-nio-8080-exec-6] DEBUG o.s.w.f.CommonsRequestLoggingFilter - Before request [GET /tasks]
16:49:10.800 [http-nio-8080-exec-6] DEBUG o.s.w.f.CommonsRequestLoggingFilter - REQUEST DATA: GET /tasks]
16:49:18.183 [http-nio-8080-exec-9] DEBUG o.s.w.f.CommonsRequestLoggingFilter - Before request [OPTIONS /tasks/17]
16:49:18.184 [http-nio-8080-exec-9] DEBUG o.s.w.f.CommonsRequestLoggingFilter - REQUEST DATA: OPTIONS /tasks/17]
16:49:18.186 [http-nio-8080-exec-8] DEBUG o.s.w.f.CommonsRequestLoggingFilter - Before request [PATCH /tasks/17]
16:49:18.196 [http-nio-8080-exec-8] DEBUG o.s.w.f.CommonsRequestLoggingFilter - REQUEST DATA: PATCH /tasks/17, payload={"title":"fdfasdfasdfa","content":"asdfwe4avcserv","categoryId":1,"statusId":1}]
16:49:18.207 [http-nio-8080-exec-10] DEBUG o.s.w.f.CommonsRequestLoggingFilter - Before request [GET /tasks]
16:49:18.217 [http-nio-8080-exec-10] DEBUG o.s.w.f.CommonsRequestLoggingFilter - REQUEST DATA: GET /tasks]
16:49:21.466 [http-nio-8080-exec-2] DEBUG o.s.w.f.CommonsRequestLoggingFilter - Before request [OPTIONS /tasks/16]
16:49:21.466 [http-nio-8080-exec-2] DEBUG o.s.w.f.CommonsRequestLoggingFilter - REQUEST DATA: OPTIONS /tasks/16]
16:49:21.468 [http-nio-8080-exec-4] DEBUG o.s.w.f.CommonsRequestLoggingFilter - Before request [DELETE /tasks/16]
16:49:21.479 [http-nio-8080-exec-4] DEBUG o.s.w.f.CommonsRequestLoggingFilter - REQUEST DATA: DELETE /tasks/16]
16:49:29.085 [http-nio-8080-exec-1] DEBUG o.s.w.f.CommonsRequestLoggingFilter - Before request [GET /tasks]
16:49:29.090 [http-nio-8080-exec-1] DEBUG o.s.w.f.CommonsRequestLoggingFilter - REQUEST DATA: GET /tasks]
16:49:30.290 [http-nio-8080-exec-3] DEBUG o.s.w.f.CommonsRequestLoggingFilter - Before request [GET /tasks]
16:49:30.296 [http-nio-8080-exec-3] DEBUG o.s.w.f.CommonsRequestLoggingFilter - REQUEST DATA: GET /tasks]
16:54:53.395 [http-nio-8080-exec-7] DEBUG o.s.w.f.CommonsRequestLoggingFilter - Before request [GET /tasks]
16:54:53.403 [http-nio-8080-exec-7] DEBUG o.s.w.f.CommonsRequestLoggingFilter - REQUEST DATA: GET /tasks]
16:57:12.097 [http-nio-8080-exec-9] DEBUG o.s.w.f.CommonsRequestLoggingFilter - Before request [GET /tasks]
16:57:12.105 [http-nio-8080-exec-9] DEBUG o.s.w.f.CommonsRequestLoggingFilter - REQUEST DATA: GET /tasks]
16:57:19.629 [http-nio-8080-exec-8] DEBUG o.s.w.f.CommonsRequestLoggingFilter - Before request [GET /tasks]
16:57:19.635 [http-nio-8080-exec-8] DEBUG o.s.w.f.CommonsRequestLoggingFilter - REQUEST DATA: GET /tasks]
16:58:10.838 [http-nio-8080-exec-10] DEBUG o.s.w.f.CommonsRequestLoggingFilter - Before request [GET /categories]
16:58:10.840 [http-nio-8080-exec-2] DEBUG o.s.w.f.CommonsRequestLoggingFilter - Before request [GET /status]
16:58:10.847 [http-nio-8080-exec-10] DEBUG o.s.w.f.CommonsRequestLoggingFilter - REQUEST DATA: GET /categories]
16:58:10.848 [http-nio-8080-exec-2] DEBUG o.s.w.f.CommonsRequestLoggingFilter - REQUEST DATA: GET /status]
16:58:15.176 [http-nio-8080-exec-4] DEBUG o.s.w.f.CommonsRequestLoggingFilter - Before request [GET /tasks]
16:58:15.177 [http-nio-8080-exec-1] DEBUG o.s.w.f.CommonsRequestLoggingFilter - Before request [GET /categories]
16:58:15.178 [http-nio-8080-exec-3] DEBUG o.s.w.f.CommonsRequestLoggingFilter - Before request [GET /status]
16:58:15.183 [http-nio-8080-exec-4] DEBUG o.s.w.f.CommonsRequestLoggingFilter - REQUEST DATA: GET /tasks]
16:58:15.185 [http-nio-8080-exec-1] DEBUG o.s.w.f.CommonsRequestLoggingFilter - REQUEST DATA: GET /categories]
16:58:15.187 [http-nio-8080-exec-3] DEBUG o.s.w.f.CommonsRequestLoggingFilter - REQUEST DATA: GET /status]
16:58:15.202 [http-nio-8080-exec-7] DEBUG o.s.w.f.CommonsRequestLoggingFilter - Before request [GET /status]
16:58:15.202 [http-nio-8080-exec-5] DEBUG o.s.w.f.CommonsRequestLoggingFilter - Before request [GET /categories]
16:58:15.210 [http-nio-8080-exec-5] DEBUG o.s.w.f.CommonsRequestLoggingFilter - REQUEST DATA: GET /categories]
16:58:15.211 [http-nio-8080-exec-7] DEBUG o.s.w.f.CommonsRequestLoggingFilter - REQUEST DATA: GET /status]
17:13:04.385 [http-nio-8080-exec-10] DEBUG o.s.w.f.CommonsRequestLoggingFilter - Before request [GET /tasks]
17:13:04.394 [http-nio-8080-exec-10] DEBUG o.s.w.f.CommonsRequestLoggingFilter - REQUEST DATA: GET /tasks]
17:13:07.222 [http-nio-8080-exec-2] DEBUG o.s.w.f.CommonsRequestLoggingFilter - Before request [GET /tasks]
17:13:07.230 [http-nio-8080-exec-2] DEBUG o.s.w.f.CommonsRequestLoggingFilter - REQUEST DATA: GET /tasks]
17:13:16.777 [http-nio-8080-exec-4] DEBUG o.s.w.f.CommonsRequestLoggingFilter - Before request [GET /tasks]
17:13:16.782 [http-nio-8080-exec-4] DEBUG o.s.w.f.CommonsRequestLoggingFilter - REQUEST DATA: GET /tasks]
17:13:23.856 [http-nio-8080-exec-1] DEBUG o.s.w.f.CommonsRequestLoggingFilter - Before request [GET /tasks]
17:13:23.862 [http-nio-8080-exec-1] DEBUG o.s.w.f.CommonsRequestLoggingFilter - REQUEST DATA: GET /tasks]
17:14:01.184 [http-nio-8080-exec-3] DEBUG o.s.w.f.CommonsRequestLoggingFilter - Before request [GET /tasks]
17:14:01.190 [http-nio-8080-exec-3] DEBUG o.s.w.f.CommonsRequestLoggingFilter - REQUEST DATA: GET /tasks]
17:15:42.594 [http-nio-8080-exec-7] DEBUG o.s.w.f.CommonsRequestLoggingFilter - Before request [GET /tasks]
17:15:42.600 [http-nio-8080-exec-7] DEBUG o.s.w.f.CommonsRequestLoggingFilter - REQUEST DATA: GET /tasks]
17:15:48.482 [http-nio-8080-exec-6] DEBUG o.s.w.f.CommonsRequestLoggingFilter - Before request [GET /tasks]
17:15:48.486 [http-nio-8080-exec-6] DEBUG o.s.w.f.CommonsRequestLoggingFilter - REQUEST DATA: GET /tasks]
17:15:56.292 [http-nio-8080-exec-8] DEBUG o.s.w.f.CommonsRequestLoggingFilter - Before request [GET /tasks]
17:15:56.297 [http-nio-8080-exec-8] DEBUG o.s.w.f.CommonsRequestLoggingFilter - REQUEST DATA: GET /tasks]
17:16:11.206 [http-nio-8080-exec-9] DEBUG o.s.w.f.CommonsRequestLoggingFilter - Before request [GET /tasks]
17:16:11.210 [http-nio-8080-exec-9] DEBUG o.s.w.f.CommonsRequestLoggingFilter - REQUEST DATA: GET /tasks]
17:16:23.777 [http-nio-8080-exec-10] DEBUG o.s.w.f.CommonsRequestLoggingFilter - Before request [GET /tasks]
17:16:23.783 [http-nio-8080-exec-10] DEBUG o.s.w.f.CommonsRequestLoggingFilter - REQUEST DATA: GET /tasks]
17:16:35.509 [http-nio-8080-exec-2] DEBUG o.s.w.f.CommonsRequestLoggingFilter - Before request [GET /tasks]
17:16:35.514 [http-nio-8080-exec-2] DEBUG o.s.w.f.CommonsRequestLoggingFilter - REQUEST DATA: GET /tasks]
17:16:39.857 [http-nio-8080-exec-4] DEBUG o.s.w.f.CommonsRequestLoggingFilter - Before request [GET /tasks]
17:16:39.864 [http-nio-8080-exec-4] DEBUG o.s.w.f.CommonsRequestLoggingFilter - REQUEST DATA: GET /tasks]
17:16:55.603 [http-nio-8080-exec-1] DEBUG o.s.w.f.CommonsRequestLoggingFilter - Before request [GET /tasks]
17:16:55.607 [http-nio-8080-exec-1] DEBUG o.s.w.f.CommonsRequestLoggingFilter - REQUEST DATA: GET /tasks]
17:17:05.550 [http-nio-8080-exec-3] DEBUG o.s.w.f.CommonsRequestLoggingFilter - Before request [GET /tasks]
17:17:05.555 [http-nio-8080-exec-3] DEBUG o.s.w.f.CommonsRequestLoggingFilter - REQUEST DATA: GET /tasks]
17:17:18.068 [http-nio-8080-exec-5] DEBUG o.s.w.f.CommonsRequestLoggingFilter - Before request [GET /tasks]
17:17:18.073 [http-nio-8080-exec-5] DEBUG o.s.w.f.CommonsRequestLoggingFilter - REQUEST DATA: GET /tasks]
17:17:35.649 [http-nio-8080-exec-7] DEBUG o.s.w.f.CommonsRequestLoggingFilter - Before request [GET /tasks]
17:17:35.654 [http-nio-8080-exec-7] DEBUG o.s.w.f.CommonsRequestLoggingFilter - REQUEST DATA: GET /tasks]
17:17:52.076 [http-nio-8080-exec-6] DEBUG o.s.w.f.CommonsRequestLoggingFilter - Before request [GET /tasks]
17:17:52.081 [http-nio-8080-exec-6] DEBUG o.s.w.f.CommonsRequestLoggingFilter - REQUEST DATA: GET /tasks]
17:17:57.072 [http-nio-8080-exec-8] DEBUG o.s.w.f.CommonsRequestLoggingFilter - Before request [GET /tasks]
17:17:57.078 [http-nio-8080-exec-8] DEBUG o.s.w.f.CommonsRequestLoggingFilter - REQUEST DATA: GET /tasks]
17:18:32.137 [http-nio-8080-exec-9] DEBUG o.s.w.f.CommonsRequestLoggingFilter - Before request [GET /tasks]
17:18:32.143 [http-nio-8080-exec-9] DEBUG o.s.w.f.CommonsRequestLoggingFilter - REQUEST DATA: GET /tasks]
17:18:56.866 [http-nio-8080-exec-10] DEBUG o.s.w.f.CommonsRequestLoggingFilter - Before request [GET /tasks]
17:18:56.871 [http-nio-8080-exec-10] DEBUG o.s.w.f.CommonsRequestLoggingFilter - REQUEST DATA: GET /tasks]
17:19:00.442 [http-nio-8080-exec-2] DEBUG o.s.w.f.CommonsRequestLoggingFilter - Before request [GET /tasks]
17:19:00.447 [http-nio-8080-exec-2] DEBUG o.s.w.f.CommonsRequestLoggingFilter - REQUEST DATA: GET /tasks]
17:19:04.558 [http-nio-8080-exec-4] DEBUG o.s.w.f.CommonsRequestLoggingFilter - Before request [GET /tasks]
17:19:04.563 [http-nio-8080-exec-4] DEBUG o.s.w.f.CommonsRequestLoggingFilter - REQUEST DATA: GET /tasks]
17:19:16.561 [http-nio-8080-exec-1] DEBUG o.s.w.f.CommonsRequestLoggingFilter - Before request [GET /tasks]
17:19:16.567 [http-nio-8080-exec-1] DEBUG o.s.w.f.CommonsRequestLoggingFilter - REQUEST DATA: GET /tasks]
17:19:38.361 [http-nio-8080-exec-3] DEBUG o.s.w.f.CommonsRequestLoggingFilter - Before request [GET /tasks]
17:19:38.365 [http-nio-8080-exec-3] DEBUG o.s.w.f.CommonsRequestLoggingFilter - REQUEST DATA: GET /tasks]
17:19:59.647 [http-nio-8080-exec-5] DEBUG o.s.w.f.CommonsRequestLoggingFilter - Before request [GET /tasks]
17:19:59.652 [http-nio-8080-exec-5] DEBUG o.s.w.f.CommonsRequestLoggingFilter - REQUEST DATA: GET /tasks]
17:20:09.233 [http-nio-8080-exec-7] DEBUG o.s.w.f.CommonsRequestLoggingFilter - Before request [GET /tasks]
17:20:09.238 [http-nio-8080-exec-7] DEBUG o.s.w.f.CommonsRequestLoggingFilter - REQUEST DATA: GET /tasks]
17:20:44.062 [http-nio-8080-exec-6] DEBUG o.s.w.f.CommonsRequestLoggingFilter - Before request [GET /tasks]
17:20:44.068 [http-nio-8080-exec-6] DEBUG o.s.w.f.CommonsRequestLoggingFilter - REQUEST DATA: GET /tasks]
17:20:47.459 [http-nio-8080-exec-8] DEBUG o.s.w.f.CommonsRequestLoggingFilter - Before request [GET /tasks]
17:20:47.466 [http-nio-8080-exec-8] DEBUG o.s.w.f.CommonsRequestLoggingFilter - REQUEST DATA: GET /tasks]
17:21:09.387 [http-nio-8080-exec-9] DEBUG o.s.w.f.CommonsRequestLoggingFilter - Before request [GET /tasks]
17:21:09.391 [http-nio-8080-exec-9] DEBUG o.s.w.f.CommonsRequestLoggingFilter - REQUEST DATA: GET /tasks]
17:21:17.053 [http-nio-8080-exec-10] DEBUG o.s.w.f.CommonsRequestLoggingFilter - Before request [GET /tasks]
17:21:17.057 [http-nio-8080-exec-10] DEBUG o.s.w.f.CommonsRequestLoggingFilter - REQUEST DATA: GET /tasks]
17:21:30.233 [http-nio-8080-exec-2] DEBUG o.s.w.f.CommonsRequestLoggingFilter - Before request [GET /tasks]
17:21:30.238 [http-nio-8080-exec-2] DEBUG o.s.w.f.CommonsRequestLoggingFilter - REQUEST DATA: GET /tasks]
17:22:05.164 [http-nio-8080-exec-4] DEBUG o.s.w.f.CommonsRequestLoggingFilter - Before request [GET /tasks]
17:22:05.168 [http-nio-8080-exec-4] DEBUG o.s.w.f.CommonsRequestLoggingFilter - REQUEST DATA: GET /tasks]
17:22:11.971 [http-nio-8080-exec-1] DEBUG o.s.w.f.CommonsRequestLoggingFilter - Before request [GET /tasks]
17:22:11.976 [http-nio-8080-exec-1] DEBUG o.s.w.f.CommonsRequestLoggingFilter - REQUEST DATA: GET /tasks]
17:22:13.913 [http-nio-8080-exec-3] DEBUG o.s.w.f.CommonsRequestLoggingFilter - Before request [GET /tasks]
17:22:13.918 [http-nio-8080-exec-3] DEBUG o.s.w.f.CommonsRequestLoggingFilter - REQUEST DATA: GET /tasks]
17:23:25.978 [http-nio-8080-exec-7] DEBUG o.s.w.f.CommonsRequestLoggingFilter - Before request [GET /tasks]
17:23:25.984 [http-nio-8080-exec-7] DEBUG o.s.w.f.CommonsRequestLoggingFilter - REQUEST DATA: GET /tasks]
17:23:28.643 [http-nio-8080-exec-6] DEBUG o.s.w.f.CommonsRequestLoggingFilter - Before request [GET /tasks]
17:23:28.648 [http-nio-8080-exec-6] DEBUG o.s.w.f.CommonsRequestLoggingFilter - REQUEST DATA: GET /tasks]
17:23:31.090 [http-nio-8080-exec-8] DEBUG o.s.w.f.CommonsRequestLoggingFilter - Before request [GET /tasks]
17:23:31.097 [http-nio-8080-exec-8] DEBUG o.s.w.f.CommonsRequestLoggingFilter - REQUEST DATA: GET /tasks]
17:23:50.896 [http-nio-8080-exec-9] DEBUG o.s.w.f.CommonsRequestLoggingFilter - Before request [GET /tasks]
17:23:50.903 [http-nio-8080-exec-9] DEBUG o.s.w.f.CommonsRequestLoggingFilter - REQUEST DATA: GET /tasks]
17:25:47.621 [http-nio-8080-exec-2] DEBUG o.s.w.f.CommonsRequestLoggingFilter - Before request [GET /tasks]
17:25:47.627 [http-nio-8080-exec-2] DEBUG o.s.w.f.CommonsRequestLoggingFilter - REQUEST DATA: GET /tasks]
17:25:58.138 [http-nio-8080-exec-4] DEBUG o.s.w.f.CommonsRequestLoggingFilter - Before request [GET /tasks]
17:25:58.144 [http-nio-8080-exec-4] DEBUG o.s.w.f.CommonsRequestLoggingFilter - REQUEST DATA: GET /tasks]
17:30:57.069 [http-nio-8080-exec-3] DEBUG o.s.w.f.CommonsRequestLoggingFilter - Before request [GET /tasks]
17:30:57.078 [http-nio-8080-exec-3] DEBUG o.s.w.f.CommonsRequestLoggingFilter - REQUEST DATA: GET /tasks]
17:31:03.480 [http-nio-8080-exec-5] DEBUG o.s.w.f.CommonsRequestLoggingFilter - Before request [GET /tasks]
17:31:03.486 [http-nio-8080-exec-5] DEBUG o.s.w.f.CommonsRequestLoggingFilter - REQUEST DATA: GET /tasks]
17:31:08.388 [http-nio-8080-exec-7] DEBUG o.s.w.f.CommonsRequestLoggingFilter - Before request [OPTIONS /tasks/17]
17:31:08.389 [http-nio-8080-exec-7] DEBUG o.s.w.f.CommonsRequestLoggingFilter - REQUEST DATA: OPTIONS /tasks/17]
17:31:08.392 [http-nio-8080-exec-6] DEBUG o.s.w.f.CommonsRequestLoggingFilter - Before request [DELETE /tasks/17]
17:31:08.400 [http-nio-8080-exec-6] DEBUG o.s.w.f.CommonsRequestLoggingFilter - REQUEST DATA: DELETE /tasks/17]
17:31:16.635 [http-nio-8080-exec-8] DEBUG o.s.w.f.CommonsRequestLoggingFilter - Before request [GET /tasks]
17:31:16.642 [http-nio-8080-exec-8] DEBUG o.s.w.f.CommonsRequestLoggingFilter - REQUEST DATA: GET /tasks]
17:31:16.643 [http-nio-8080-exec-9] DEBUG o.s.w.f.CommonsRequestLoggingFilter - Before request [GET /categories]
17:31:16.643 [http-nio-8080-exec-10] DEBUG o.s.w.f.CommonsRequestLoggingFilter - Before request [GET /status]
17:31:16.652 [http-nio-8080-exec-9] DEBUG o.s.w.f.CommonsRequestLoggingFilter - REQUEST DATA: GET /categories]
17:31:16.652 [http-nio-8080-exec-10] DEBUG o.s.w.f.CommonsRequestLoggingFilter - REQUEST DATA: GET /status]
17:31:16.665 [http-nio-8080-exec-2] DEBUG o.s.w.f.CommonsRequestLoggingFilter - Before request [GET /categories]
17:31:16.667 [http-nio-8080-exec-4] DEBUG o.s.w.f.CommonsRequestLoggingFilter - Before request [GET /status]
17:31:16.674 [http-nio-8080-exec-2] DEBUG o.s.w.f.CommonsRequestLoggingFilter - REQUEST DATA: GET /categories]
17:31:16.679 [http-nio-8080-exec-4] DEBUG o.s.w.f.CommonsRequestLoggingFilter - REQUEST DATA: GET /status]
17:31:22.252 [http-nio-8080-exec-7] DEBUG o.s.w.f.CommonsRequestLoggingFilter - Before request [OPTIONS /tasks]
17:31:22.253 [http-nio-8080-exec-7] DEBUG o.s.w.f.CommonsRequestLoggingFilter - REQUEST DATA: OPTIONS /tasks]
17:31:22.255 [http-nio-8080-exec-6] DEBUG o.s.w.f.CommonsRequestLoggingFilter - Before request [POST /tasks]
17:31:22.264 [http-nio-8080-exec-6] DEBUG o.s.w.f.CommonsRequestLoggingFilter - REQUEST DATA: POST /tasks, payload={"title":"asdfasdfasdf","content":"asdfawrvwer","categoryId":1,"statusId":1}]
17:31:22.281 [http-nio-8080-exec-8] DEBUG o.s.w.f.CommonsRequestLoggingFilter - Before request [GET /tasks]
17:31:22.285 [http-nio-8080-exec-8] DEBUG o.s.w.f.CommonsRequestLoggingFilter - REQUEST DATA: GET /tasks]
17:31:26.915 [http-nio-8080-exec-9] DEBUG o.s.w.f.CommonsRequestLoggingFilter - Before request [GET /tasks]
17:31:26.919 [http-nio-8080-exec-9] DEBUG o.s.w.f.CommonsRequestLoggingFilter - REQUEST DATA: GET /tasks]
17:34:43.871 [http-nio-8080-exec-4] DEBUG o.s.w.f.CommonsRequestLoggingFilter - Before request [GET /tasks]
17:34:43.876 [http-nio-8080-exec-4] DEBUG o.s.w.f.CommonsRequestLoggingFilter - REQUEST DATA: GET /tasks]
17:53:24.752 [http-nio-8080-exec-1] DEBUG o.s.w.f.CommonsRequestLoggingFilter - Before request [POST /tasks]
17:53:24.763 [http-nio-8080-exec-1] DEBUG o.s.w.f.CommonsRequestLoggingFilter - REQUEST DATA: POST /tasks, payload={"title":"fasdfaefawe","content":"varvarevasdfv","categoryId":1,"statusId":1}]
17:53:24.782 [http-nio-8080-exec-3] DEBUG o.s.w.f.CommonsRequestLoggingFilter - Before request [GET /tasks]
17:53:24.787 [http-nio-8080-exec-3] DEBUG o.s.w.f.CommonsRequestLoggingFilter - REQUEST DATA: GET /tasks]
17:55:24.523 [http-nio-8080-exec-6] DEBUG o.s.w.f.CommonsRequestLoggingFilter - Before request [GET /tasks]
17:55:24.528 [http-nio-8080-exec-6] DEBUG o.s.w.f.CommonsRequestLoggingFilter - REQUEST DATA: GET /tasks]
